<?xml version="1.0" encoding="utf-8"?><testsuites name="pytest tests"><testsuite name="pytest" errors="0" failures="0" skipped="0" tests="3" time="96.816" timestamp="2026-09-07T18:52:43.062702+09:00" hostname="jungs-Air"><testcase classname="tests.generated.android.hybrid_webview.tc_004_ApiDemos_네이티브_WebView_탐지.TestApidemos네이티브Webview탐지" name="test_native_header_and_webview_content_are_detected" time="28.303" /><testcase classname="tests.generated.android.hybrid_webview.tc_005_ApiDemos_WebView_텍스트_입력.TestApidemosWebview텍스트입력" name="test_webview_text_input_after_native_detection" time="35.697" /><testcase classname="tests.generated.android.hybrid_webview.tc_006_ApiDemos_WebView_링크_이동.TestApidemosWebview링크이동" name="test_webview_link_navigation_and_native_restore" time="32.642" /></testsuite></testsuites>