<?xml version="1.0" encoding="utf-8"?><testsuites name="pytest tests"><testsuite name="pytest" errors="0" failures="0" skipped="0" tests="3" time="154.770" timestamp="2026-09-12T20:44:30.759604+09:00" hostname="MacBookAir"><testcase classname="tests.generated.ios.settings.tc_settings_ui_v3.TestTcIosSettingsUiV3" name="test_tc_ios_settings_ui_v3" time="78.367" /><testcase classname="tests.generated.ios.settings.tc_settings_v1.TestTcIosSettingsV1" name="test_tc_ios_settings_v1" time="36.111" /><testcase classname="tests.generated.ios.settings.tc_settings_v2.TestTcIosSettingsV2" name="test_tc_ios_settings_v2" time="40.095" /></testsuite></testsuites>